Reusing configuration cache.
> Task :composeApp:copyNonXmlValueResourcesForCommonMain NO-SOURCE
> Task :composeApp:prepareAppResources NO-SOURCE
> Task :composeApp:convertXmlValueResourcesForCommonMain NO-SOURCE
> Task :composeApp:kmpPartiallyResolvedDependenciesChecker
> Task :composeApp:checkKotlinGradlePluginConfigurationErrors SKIPPED
> Task :composeApp:prepareComposeResourcesTaskForCommonMain NO-SOURCE
> Task :composeApp:generateResourceAccessorsForCommonMain NO-SOURCE
> Task :composeApp:copyNonXmlValueResourcesForJvmMain
> Task :composeApp:generateComposeResClass
> Task :composeApp:generateExpectResourceCollectorsForCommonMain
> Task :composeApp:convertXmlValueResourcesForJvmMain NO-SOURCE
> Task :composeApp:unpackDefaultComposeDesktopJvmApplicationResources
> Task :composeApp:prepareComposeResourcesTaskForJvmMain
> Task :composeApp:assembleJvmMainResources
> Task :composeApp:generateResourceAccessorsForJvmMain
> Task :composeApp:jvmProcessResources
> Task :composeApp:processJvmMainResources SKIPPED
> Task :composeApp:generateActualResourceCollectorsForJvmMain
> Task :composeApp:checkRuntime
> Task :composeApp:createRuntimeImage
> Task :composeApp:compileKotlinJvm
> Task :composeApp:compileJvmMainJava NO-SOURCE
> Task :composeApp:jvmMainClasses
> Task :composeApp:jvmJar

> Task :composeApp:proguardReleaseJars
ProGuard, version 7.7.0
Note: duplicate definition of resource file [META-INF/MANIFEST.MF]
Note: duplicate definition of resource file [META-INF/MANIFEST.MF]
Note: duplicate definition of resource file [META-INF/MANIFEST.MF]
Note: duplicate definition of resource file [META-INF/MANIFEST.MF]
Note: duplicate definition of resource file [META-INF/MANIFEST.MF]
Note: duplicate definition of resource file [META-INF/MANIFEST.MF]
Note: duplicate definition of resource file [META-INF/MANIFEST.MF]
Note: duplicate definition of resource file [META-INF/MANIFEST.MF]
Note: duplicate definition of resource file [META-INF/MANIFEST.MF]
Note: duplicate definition of resource file [META-INF/MANIFEST.MF]
Note: duplicate definition of resource file [META-INF/MANIFEST.MF]
Note: duplicate definition of resource file [META-INF/MANIFEST.MF]
Note: duplicate definition of resource file [META-INF/MANIFEST.MF]
Note: duplicate definition of resource file [META-INF/MANIFEST.MF]
Note: duplicate definition of resource file [META-INF/MANIFEST.MF]
Note: duplicate definition of resource file [META-INF/MANIFEST.MF]
Note: duplicate definition of resource file [META-INF/MANIFEST.MF]
Note: duplicate definition of resource file [META-INF/MANIFEST.MF]
Note: duplicate definition of resource file [META-INF/MANIFEST.MF]
Note: duplicate definition of resource file [META-INF/MANIFEST.MF]
Note: duplicate definition of resource file [META-INF/MANIFEST.MF]
Note: duplicate definition of resource file [META-INF/MANIFEST.MF]
Note: duplicate definition of resource file [META-INF/MANIFEST.MF]
Note: duplicate definition of resource file [META-INF/MANIFEST.MF]
Note: duplicate definition of resource file [META-INF/MANIFEST.MF]
Note: duplicate definition of resource file [META-INF/MANIFEST.MF]
Note: duplicate definition of resource file [META-INF/MANIFEST.MF]
Note: duplicate definition of resource file [META-INF/MANIFEST.MF]
Note: duplicate definition of resource file [META-INF/MANIFEST.MF]
Note: duplicate definition of resource file [META-INF/MANIFEST.MF]
Note: duplicate definition of resource file [META-INF/runtime-saveable.kotlin_module]
Note: duplicate definition of resource file [META-INF/MANIFEST.MF]
Note: duplicate definition of resource file [META-INF/savedstate-compose.kotlin_module]
Note: duplicate definition of resource file [META-INF/MANIFEST.MF]
Note: duplicate definition of resource file [META-INF/MANIFEST.MF]
Note: duplicate definition of resource file [META-INF/MANIFEST.MF]
Note: duplicate definition of resource file [META-INF/lifecycle-runtime-compose.kotlin_module]
Note: duplicate definition of resource file [META-INF/MANIFEST.MF]
Note: duplicate definition of resource file [META-INF/runtime.kotlin_module]
Note: duplicate definition of resource file [META-INF/MANIFEST.MF]
Note: duplicate definition of resource file [META-INF/MANIFEST.MF]
Note: duplicate definition of resource file [META-INF/MANIFEST.MF]
Note: duplicate definition of resource file [META-INF/library.kotlin_module]
Note: duplicate definition of resource file [META-INF/MANIFEST.MF]
Note: duplicate definition of resource file [META-INF/MANIFEST.MF]
Note: duplicate definition of resource file [META-INF/MANIFEST.MF]
Note: duplicate definition of resource file [META-INF/MANIFEST.MF]
Note: duplicate definition of resource file [META-INF/MANIFEST.MF]
Note: duplicate definition of resource file [META-INF/MANIFEST.MF]
Note: duplicate definition of resource file [META-INF/MANIFEST.MF]
Note: duplicate definition of resource file [META-INF/MANIFEST.MF]
Note: duplicate definition of resource file [META-INF/MANIFEST.MF]
Note: duplicate definition of resource file [META-INF/MANIFEST.MF]
Note: duplicate definition of resource file [META-INF/MANIFEST.MF]
Note: duplicate definition of resource file [META-INF/MANIFEST.MF]
Note: duplicate definition of resource file [META-INF/MANIFEST.MF]
Note: duplicate definition of resource file [META-INF/MANIFEST.MF]
Note: there were 57 duplicate class definitions.
      (https://www.guardsquare.com/proguard/manual/troubleshooting#duplicateclass)

> Task :composeApp:packageReleaseMsi SKIPPED

BUILD SUCCESSFUL in 59s
15 actionable tasks: 15 executed
Configuration cache entry reused.
